c:\users\hoang ngoc hung\documents\vs2015_tesseract\tesseract\x64\debug\vc140.pdb
c:\users\hoang ngoc hung\documents\vs2015_tesseract\tesseract\x64\debug\vc140.idb
c:\users\hoang ngoc hung\documents\vs2015_tesseract\tesseract\x64\debug\tesseractmain.obj
c:\users\hoang ngoc hung\documents\vs2015_tesseract\x64\debug\tesseract.ilk
c:\users\hoang ngoc hung\documents\vs2015_tesseract\x64\debug\tesseract.exe
c:\users\hoang ngoc hung\documents\vs2015_tesseract\x64\debug\tesseract.pdb
c:\users\hoang ngoc hung\documents\vs2015_tesseract\tesseract\x64\debug\tesseract.res
c:\users\hoang ngoc hung\documents\vs2015_tesseract\x64\debug\tesseract.lib
c:\users\hoang ngoc hung\documents\vs2015_tesseract\x64\debug\tesseract.exp
c:\users\hoang ngoc hung\documents\vs2015_tesseract\tesseract\x64\debug\tesseract.vcxprojresolveassemblyreference.cache
c:\users\hoang ngoc hung\documents\vs2015_tesseract\tesseract\x64\debug\tesseract.tlog\cl.command.1.tlog
c:\users\hoang ngoc hung\documents\vs2015_tesseract\tesseract\x64\debug\tesseract.tlog\cl.read.1.tlog
c:\users\hoang ngoc hung\documents\vs2015_tesseract\tesseract\x64\debug\tesseract.tlog\cl.write.1.tlog
c:\users\hoang ngoc hung\documents\vs2015_tesseract\tesseract\x64\debug\tesseract.tlog\link.command.1.tlog
c:\users\hoang ngoc hung\documents\vs2015_tesseract\tesseract\x64\debug\tesseract.tlog\link.read.1.tlog
c:\users\hoang ngoc hung\documents\vs2015_tesseract\tesseract\x64\debug\tesseract.tlog\link.write.1.tlog
c:\users\hoang ngoc hung\documents\vs2015_tesseract\tesseract\x64\debug\tesseract.tlog\rc.command.1.tlog
c:\users\hoang ngoc hung\documents\vs2015_tesseract\tesseract\x64\debug\tesseract.tlog\rc.read.1.tlog
c:\users\hoang ngoc hung\documents\vs2015_tesseract\tesseract\x64\debug\tesseract.tlog\rc.write.1.tlog
c:\users\hoang ngoc hung\documents\vs2015_tesseract\tesseract\x64\debug\tesseract.tlog\tesseract.write.1u.tlog
