c:\users\hoang ngoc hung\documents\vs2015_tesseract\jbig2enc\release\jbig2.obj
c:\users\hoang ngoc hung\documents\vs2015_tesseract\jbig2enc\release\jbig2arith.obj
c:\users\hoang ngoc hung\documents\vs2015_tesseract\jbig2enc\release\jbig2comparator.obj
c:\users\hoang ngoc hung\documents\vs2015_tesseract\jbig2enc\release\jbig2sym.obj
c:\users\hoang ngoc hung\documents\vs2015_tesseract\jbig2enc\release\jbig2enc.obj
c:\users\hoang ngoc hung\documents\vs2015_tesseract\jbig2enc\release\vc140.pdb
c:\users\hoang ngoc hung\appdata\local\microsoft\applicationinsights\vstelaif-312cbd79-9dbb-4c48-a7da-3cc2a931cb70\20161121100948_e67ad471ba414ed1a97adb290e130ee8.trn
c:\users\hoang ngoc hung\documents\vs2015_tesseract\release\jbig2enc.exe
c:\users\hoang ngoc hung\documents\vs2015_tesseract\release\jbig2enc.pdb
c:\users\hoang ngoc hung\documents\vs2015_tesseract\jbig2enc\release\jbig2enc.tlog\cl.16176.write.1.tlog
c:\users\hoang ngoc hung\documents\vs2015_tesseract\jbig2enc\release\jbig2enc.tlog\cl.command.1.tlog
c:\users\hoang ngoc hung\documents\vs2015_tesseract\jbig2enc\release\jbig2enc.tlog\cl.read.1.tlog
c:\users\hoang ngoc hung\documents\vs2015_tesseract\jbig2enc\release\jbig2enc.tlog\link-vctip.delete.1.tlog
c:\users\hoang ngoc hung\documents\vs2015_tesseract\jbig2enc\release\jbig2enc.tlog\link-vctip.delete.154.tlog
c:\users\hoang ngoc hung\documents\vs2015_tesseract\jbig2enc\release\jbig2enc.tlog\link-vctip.delete.169.tlog
c:\users\hoang ngoc hung\documents\vs2015_tesseract\jbig2enc\release\jbig2enc.tlog\link-vctip.delete.192.tlog
c:\users\hoang ngoc hung\documents\vs2015_tesseract\jbig2enc\release\jbig2enc.tlog\link-vctip.delete.199.tlog
c:\users\hoang ngoc hung\documents\vs2015_tesseract\jbig2enc\release\jbig2enc.tlog\link-vctip.delete.210.tlog
c:\users\hoang ngoc hung\documents\vs2015_tesseract\jbig2enc\release\jbig2enc.tlog\link-vctip.delete.225.tlog
c:\users\hoang ngoc hung\documents\vs2015_tesseract\jbig2enc\release\jbig2enc.tlog\link-vctip.delete.24.tlog
c:\users\hoang ngoc hung\documents\vs2015_tesseract\jbig2enc\release\jbig2enc.tlog\link-vctip.delete.321.tlog
c:\users\hoang ngoc hung\documents\vs2015_tesseract\jbig2enc\release\jbig2enc.tlog\link-vctip.delete.357.tlog
c:\users\hoang ngoc hung\documents\vs2015_tesseract\jbig2enc\release\jbig2enc.tlog\link-vctip.delete.39.tlog
c:\users\hoang ngoc hung\documents\vs2015_tesseract\jbig2enc\release\jbig2enc.tlog\link-vctip.delete.390.tlog
c:\users\hoang ngoc hung\documents\vs2015_tesseract\jbig2enc\release\jbig2enc.tlog\link-vctip.delete.422.tlog
c:\users\hoang ngoc hung\documents\vs2015_tesseract\jbig2enc\release\jbig2enc.tlog\link-vctip.delete.54.tlog
c:\users\hoang ngoc hung\documents\vs2015_tesseract\jbig2enc\release\jbig2enc.tlog\link-vctip.delete.7.tlog
c:\users\hoang ngoc hung\documents\vs2015_tesseract\jbig2enc\release\jbig2enc.tlog\link-vctip.read.1.tlog
c:\users\hoang ngoc hung\documents\vs2015_tesseract\jbig2enc\release\jbig2enc.tlog\link-vctip.read.100.tlog
c:\users\hoang ngoc hung\documents\vs2015_tesseract\jbig2enc\release\jbig2enc.tlog\link-vctip.read.109.tlog
c:\users\hoang ngoc hung\documents\vs2015_tesseract\jbig2enc\release\jbig2enc.tlog\link-vctip.read.111.tlog
c:\users\hoang ngoc hung\documents\vs2015_tesseract\jbig2enc\release\jbig2enc.tlog\link-vctip.read.12.tlog
c:\users\hoang ngoc hung\documents\vs2015_tesseract\jbig2enc\release\jbig2enc.tlog\link-vctip.read.121.tlog
c:\users\hoang ngoc hung\documents\vs2015_tesseract\jbig2enc\release\jbig2enc.tlog\link-vctip.read.132.tlog
c:\users\hoang ngoc hung\documents\vs2015_tesseract\jbig2enc\release\jbig2enc.tlog\link-vctip.read.143.tlog
c:\users\hoang ngoc hung\documents\vs2015_tesseract\jbig2enc\release\jbig2enc.tlog\link-vctip.read.146.tlog
c:\users\hoang ngoc hung\documents\vs2015_tesseract\jbig2enc\release\jbig2enc.tlog\link-vctip.read.154.tlog
c:\users\hoang ngoc hung\documents\vs2015_tesseract\jbig2enc\release\jbig2enc.tlog\link-vctip.read.157.tlog
c:\users\hoang ngoc hung\documents\vs2015_tesseract\jbig2enc\release\jbig2enc.tlog\link-vctip.read.16.tlog
c:\users\hoang ngoc hung\documents\vs2015_tesseract\jbig2enc\release\jbig2enc.tlog\link-vctip.read.165.tlog
c:\users\hoang ngoc hung\documents\vs2015_tesseract\jbig2enc\release\jbig2enc.tlog\link-vctip.read.169.tlog
c:\users\hoang ngoc hung\documents\vs2015_tesseract\jbig2enc\release\jbig2enc.tlog\link-vctip.read.176.tlog
c:\users\hoang ngoc hung\documents\vs2015_tesseract\jbig2enc\release\jbig2enc.tlog\link-vctip.read.178.tlog
c:\users\hoang ngoc hung\documents\vs2015_tesseract\jbig2enc\release\jbig2enc.tlog\link-vctip.read.188.tlog
c:\users\hoang ngoc hung\documents\vs2015_tesseract\jbig2enc\release\jbig2enc.tlog\link-vctip.read.190.tlog
c:\users\hoang ngoc hung\documents\vs2015_tesseract\jbig2enc\release\jbig2enc.tlog\link-vctip.read.192.tlog
c:\users\hoang ngoc hung\documents\vs2015_tesseract\jbig2enc\release\jbig2enc.tlog\link-vctip.read.199.tlog
c:\users\hoang ngoc hung\documents\vs2015_tesseract\jbig2enc\release\jbig2enc.tlog\link-vctip.read.202.tlog
c:\users\hoang ngoc hung\documents\vs2015_tesseract\jbig2enc\release\jbig2enc.tlog\link-vctip.read.210.tlog
c:\users\hoang ngoc hung\documents\vs2015_tesseract\jbig2enc\release\jbig2enc.tlog\link-vctip.read.213.tlog
c:\users\hoang ngoc hung\documents\vs2015_tesseract\jbig2enc\release\jbig2enc.tlog\link-vctip.read.221.tlog
c:\users\hoang ngoc hung\documents\vs2015_tesseract\jbig2enc\release\jbig2enc.tlog\link-vctip.read.225.tlog
c:\users\hoang ngoc hung\documents\vs2015_tesseract\jbig2enc\release\jbig2enc.tlog\link-vctip.read.232.tlog
c:\users\hoang ngoc hung\documents\vs2015_tesseract\jbig2enc\release\jbig2enc.tlog\link-vctip.read.24.tlog
c:\users\hoang ngoc hung\documents\vs2015_tesseract\jbig2enc\release\jbig2enc.tlog\link-vctip.read.243.tlog
c:\users\hoang ngoc hung\documents\vs2015_tesseract\jbig2enc\release\jbig2enc.tlog\link-vctip.read.254.tlog
c:\users\hoang ngoc hung\documents\vs2015_tesseract\jbig2enc\release\jbig2enc.tlog\link-vctip.read.265.tlog
c:\users\hoang ngoc hung\documents\vs2015_tesseract\jbig2enc\release\jbig2enc.tlog\link-vctip.read.277.tlog
c:\users\hoang ngoc hung\documents\vs2015_tesseract\jbig2enc\release\jbig2enc.tlog\link-vctip.read.280.tlog
c:\users\hoang ngoc hung\documents\vs2015_tesseract\jbig2enc\release\jbig2enc.tlog\link-vctip.read.289.tlog
c:\users\hoang ngoc hung\documents\vs2015_tesseract\jbig2enc\release\jbig2enc.tlog\link-vctip.read.29.tlog
c:\users\hoang ngoc hung\documents\vs2015_tesseract\jbig2enc\release\jbig2enc.tlog\link-vctip.read.300.tlog
c:\users\hoang ngoc hung\documents\vs2015_tesseract\jbig2enc\release\jbig2enc.tlog\link-vctip.read.301.tlog
c:\users\hoang ngoc hung\documents\vs2015_tesseract\jbig2enc\release\jbig2enc.tlog\link-vctip.read.310.tlog
c:\users\hoang ngoc hung\documents\vs2015_tesseract\jbig2enc\release\jbig2enc.tlog\link-vctip.read.321.tlog
c:\users\hoang ngoc hung\documents\vs2015_tesseract\jbig2enc\release\jbig2enc.tlog\link-vctip.read.332.tlog
c:\users\hoang ngoc hung\documents\vs2015_tesseract\jbig2enc\release\jbig2enc.tlog\link-vctip.read.343.tlog
c:\users\hoang ngoc hung\documents\vs2015_tesseract\jbig2enc\release\jbig2enc.tlog\link-vctip.read.345.tlog
c:\users\hoang ngoc hung\documents\vs2015_tesseract\jbig2enc\release\jbig2enc.tlog\link-vctip.read.354.tlog
c:\users\hoang ngoc hung\documents\vs2015_tesseract\jbig2enc\release\jbig2enc.tlog\link-vctip.read.357.tlog
c:\users\hoang ngoc hung\documents\vs2015_tesseract\jbig2enc\release\jbig2enc.tlog\link-vctip.read.365.tlog
c:\users\hoang ngoc hung\documents\vs2015_tesseract\jbig2enc\release\jbig2enc.tlog\link-vctip.read.367.tlog
c:\users\hoang ngoc hung\documents\vs2015_tesseract\jbig2enc\release\jbig2enc.tlog\link-vctip.read.37.tlog
c:\users\hoang ngoc hung\documents\vs2015_tesseract\jbig2enc\release\jbig2enc.tlog\link-vctip.read.376.tlog
c:\users\hoang ngoc hung\documents\vs2015_tesseract\jbig2enc\release\jbig2enc.tlog\link-vctip.read.387.tlog
c:\users\hoang ngoc hung\documents\vs2015_tesseract\jbig2enc\release\jbig2enc.tlog\link-vctip.read.39.tlog
c:\users\hoang ngoc hung\documents\vs2015_tesseract\jbig2enc\release\jbig2enc.tlog\link-vctip.read.390.tlog
c:\users\hoang ngoc hung\documents\vs2015_tesseract\jbig2enc\release\jbig2enc.tlog\link-vctip.read.398.tlog
c:\users\hoang ngoc hung\documents\vs2015_tesseract\jbig2enc\release\jbig2enc.tlog\link-vctip.read.400.tlog
c:\users\hoang ngoc hung\documents\vs2015_tesseract\jbig2enc\release\jbig2enc.tlog\link-vctip.read.409.tlog
c:\users\hoang ngoc hung\documents\vs2015_tesseract\jbig2enc\release\jbig2enc.tlog\link-vctip.read.412.tlog
c:\users\hoang ngoc hung\documents\vs2015_tesseract\jbig2enc\release\jbig2enc.tlog\link-vctip.read.420.tlog
c:\users\hoang ngoc hung\documents\vs2015_tesseract\jbig2enc\release\jbig2enc.tlog\link-vctip.read.422.tlog
c:\users\hoang ngoc hung\documents\vs2015_tesseract\jbig2enc\release\jbig2enc.tlog\link-vctip.read.43.tlog
c:\users\hoang ngoc hung\documents\vs2015_tesseract\jbig2enc\release\jbig2enc.tlog\link-vctip.read.431.tlog
c:\users\hoang ngoc hung\documents\vs2015_tesseract\jbig2enc\release\jbig2enc.tlog\link-vctip.read.443.tlog
c:\users\hoang ngoc hung\documents\vs2015_tesseract\jbig2enc\release\jbig2enc.tlog\link-vctip.read.446.tlog
c:\users\hoang ngoc hung\documents\vs2015_tesseract\jbig2enc\release\jbig2enc.tlog\link-vctip.read.45.tlog
c:\users\hoang ngoc hung\documents\vs2015_tesseract\jbig2enc\release\jbig2enc.tlog\link-vctip.read.454.tlog
c:\users\hoang ngoc hung\documents\vs2015_tesseract\jbig2enc\release\jbig2enc.tlog\link-vctip.read.54.tlog
c:\users\hoang ngoc hung\documents\vs2015_tesseract\jbig2enc\release\jbig2enc.tlog\link-vctip.read.56.tlog
c:\users\hoang ngoc hung\documents\vs2015_tesseract\jbig2enc\release\jbig2enc.tlog\link-vctip.read.65.tlog
c:\users\hoang ngoc hung\documents\vs2015_tesseract\jbig2enc\release\jbig2enc.tlog\link-vctip.read.7.tlog
c:\users\hoang ngoc hung\documents\vs2015_tesseract\jbig2enc\release\jbig2enc.tlog\link-vctip.read.76.tlog
c:\users\hoang ngoc hung\documents\vs2015_tesseract\jbig2enc\release\jbig2enc.tlog\link-vctip.read.78.tlog
c:\users\hoang ngoc hung\documents\vs2015_tesseract\jbig2enc\release\jbig2enc.tlog\link-vctip.read.87.tlog
c:\users\hoang ngoc hung\documents\vs2015_tesseract\jbig2enc\release\jbig2enc.tlog\link-vctip.read.9.tlog
c:\users\hoang ngoc hung\documents\vs2015_tesseract\jbig2enc\release\jbig2enc.tlog\link-vctip.read.98.tlog
c:\users\hoang ngoc hung\documents\vs2015_tesseract\jbig2enc\release\jbig2enc.tlog\link-vctip.write.1.tlog
c:\users\hoang ngoc hung\documents\vs2015_tesseract\jbig2enc\release\jbig2enc.tlog\link-vctip.write.154.tlog
c:\users\hoang ngoc hung\documents\vs2015_tesseract\jbig2enc\release\jbig2enc.tlog\link-vctip.write.169.tlog
c:\users\hoang ngoc hung\documents\vs2015_tesseract\jbig2enc\release\jbig2enc.tlog\link-vctip.write.192.tlog
c:\users\hoang ngoc hung\documents\vs2015_tesseract\jbig2enc\release\jbig2enc.tlog\link-vctip.write.199.tlog
c:\users\hoang ngoc hung\documents\vs2015_tesseract\jbig2enc\release\jbig2enc.tlog\link-vctip.write.210.tlog
c:\users\hoang ngoc hung\documents\vs2015_tesseract\jbig2enc\release\jbig2enc.tlog\link-vctip.write.225.tlog
c:\users\hoang ngoc hung\documents\vs2015_tesseract\jbig2enc\release\jbig2enc.tlog\link-vctip.write.24.tlog
c:\users\hoang ngoc hung\documents\vs2015_tesseract\jbig2enc\release\jbig2enc.tlog\link-vctip.write.321.tlog
c:\users\hoang ngoc hung\documents\vs2015_tesseract\jbig2enc\release\jbig2enc.tlog\link-vctip.write.357.tlog
c:\users\hoang ngoc hung\documents\vs2015_tesseract\jbig2enc\release\jbig2enc.tlog\link-vctip.write.37.tlog
c:\users\hoang ngoc hung\documents\vs2015_tesseract\jbig2enc\release\jbig2enc.tlog\link-vctip.write.39.tlog
c:\users\hoang ngoc hung\documents\vs2015_tesseract\jbig2enc\release\jbig2enc.tlog\link-vctip.write.390.tlog
c:\users\hoang ngoc hung\documents\vs2015_tesseract\jbig2enc\release\jbig2enc.tlog\link-vctip.write.422.tlog
c:\users\hoang ngoc hung\documents\vs2015_tesseract\jbig2enc\release\jbig2enc.tlog\link-vctip.write.54.tlog
c:\users\hoang ngoc hung\documents\vs2015_tesseract\jbig2enc\release\jbig2enc.tlog\link-vctip.write.7.tlog
c:\users\hoang ngoc hung\documents\vs2015_tesseract\jbig2enc\release\jbig2enc.tlog\link.command.1.tlog
c:\users\hoang ngoc hung\documents\vs2015_tesseract\jbig2enc\release\jbig2enc.tlog\link.read.1.tlog
c:\users\hoang ngoc hung\documents\vs2015_tesseract\jbig2enc\release\jbig2enc.tlog\link.write.1.tlog
