c:\users\hoang ngoc hung\documents\vs2015_tesseract\libtesseract\x64\debug\renderer.obj
c:\users\hoang ngoc hung\documents\vs2015_tesseract\libtesseract\x64\debug\adaptions.obj
c:\users\hoang ngoc hung\documents\vs2015_tesseract\libtesseract\x64\debug\cubeclassifier.obj
c:\users\hoang ngoc hung\documents\vs2015_tesseract\libtesseract\x64\debug\fixspace.obj
c:\users\hoang ngoc hung\documents\vs2015_tesseract\libtesseract\x64\debug\pageiterator.obj
c:\users\hoang ngoc hung\documents\vs2015_tesseract\libtesseract\x64\debug\paramsd.obj
c:\users\hoang ngoc hung\documents\vs2015_tesseract\libtesseract\x64\debug\pgedit.obj
c:\users\hoang ngoc hung\documents\vs2015_tesseract\libtesseract\x64\debug\superscript.obj
c:\users\hoang ngoc hung\documents\vs2015_tesseract\libtesseract\x64\debug\tesseract_cube_combiner.obj
c:\users\hoang ngoc hung\documents\vs2015_tesseract\libtesseract\x64\debug\blamer.obj
c:\users\hoang ngoc hung\documents\vs2015_tesseract\libtesseract\x64\debug\boxword.obj
c:\users\hoang ngoc hung\documents\vs2015_tesseract\libtesseract\x64\debug\dppoint.obj
c:\users\hoang ngoc hung\documents\vs2015_tesseract\libtesseract\x64\debug\linlsq.obj
c:\users\hoang ngoc hung\documents\vs2015_tesseract\libtesseract\x64\debug\ocrblock.obj
c:\users\hoang ngoc hung\documents\vs2015_tesseract\libtesseract\x64\debug\otsuthr.obj
c:\users\hoang ngoc hung\documents\vs2015_tesseract\libtesseract\x64\debug\points.obj
c:\users\hoang ngoc hung\documents\vs2015_tesseract\libtesseract\x64\debug\quadlsq.obj
c:\users\hoang ngoc hung\documents\vs2015_tesseract\libtesseract\x64\debug\rejctmap.obj
c:\users\hoang ngoc hung\documents\vs2015_tesseract\libtesseract\x64\debug\stepblob.obj
c:\users\hoang ngoc hung\documents\vs2015_tesseract\libtesseract\x64\debug\basedir.obj
c:\users\hoang ngoc hung\documents\vs2015_tesseract\libtesseract\x64\debug\clst.obj
c:\users\hoang ngoc hung\documents\vs2015_tesseract\libtesseract\x64\debug\globaloc.obj
c:\users\hoang ngoc hung\documents\vs2015_tesseract\libtesseract\x64\debug\params.obj
c:\users\hoang ngoc hung\documents\vs2015_tesseract\libtesseract\x64\debug\tessdatamanager.obj
c:\users\hoang ngoc hung\documents\vs2015_tesseract\libtesseract\x64\debug\unicharset.obj
c:\users\hoang ngoc hung\documents\vs2015_tesseract\libtesseract\x64\debug\classify.obj
c:\users\hoang ngoc hung\documents\vs2015_tesseract\libtesseract\x64\debug\errorcounter.obj
c:\users\hoang ngoc hung\documents\vs2015_tesseract\libtesseract\x64\debug\intfeaturedist.obj
c:\users\hoang ngoc hung\documents\vs2015_tesseract\libtesseract\x64\debug\intmatcher.obj
c:\users\hoang ngoc hung\documents\vs2015_tesseract\libtesseract\x64\debug\mf.obj
c:\users\hoang ngoc hung\documents\vs2015_tesseract\libtesseract\x64\debug\mfx.obj
c:\users\hoang ngoc hung\documents\vs2015_tesseract\libtesseract\x64\debug\outfeat.obj
c:\users\hoang ngoc hung\documents\vs2015_tesseract\libtesseract\x64\debug\shapeclassifier.obj
c:\users\hoang ngoc hung\documents\vs2015_tesseract\libtesseract\x64\debug\trainingsampleset.obj
c:\users\hoang ngoc hung\documents\vs2015_tesseract\libtesseract\x64\debug\cached_file.obj
c:\users\hoang ngoc hung\documents\vs2015_tesseract\libtesseract\x64\debug\char_samp.obj
c:\users\hoang ngoc hung\documents\vs2015_tesseract\libtesseract\x64\debug\classifier_factory.obj
c:\users\hoang ngoc hung\documents\vs2015_tesseract\libtesseract\x64\debug\cube_object.obj
c:\users\hoang ngoc hung\documents\vs2015_tesseract\libtesseract\x64\debug\feature_bmp.obj
c:\users\hoang ngoc hung\documents\vs2015_tesseract\libtesseract\x64\debug\search_column.obj
c:\users\hoang ngoc hung\documents\vs2015_tesseract\libtesseract\x64\debug\word_altlist.obj
c:\users\hoang ngoc hung\documents\vs2015_tesseract\libtesseract\x64\debug\word_size_model.obj
c:\users\hoang ngoc hung\documents\vs2015_tesseract\libtesseract\x64\debug\efio.obj
c:\users\hoang ngoc hung\documents\vs2015_tesseract\libtesseract\x64\debug\freelist.obj
c:\users\hoang ngoc hung\documents\vs2015_tesseract\libtesseract\x64\debug\listio.obj
c:\users\hoang ngoc hung\documents\vs2015_tesseract\libtesseract\x64\debug\dawg.obj
c:\users\hoang ngoc hung\documents\vs2015_tesseract\libtesseract\x64\debug\stopper.obj
c:\users\hoang ngoc hung\documents\vs2015_tesseract\libtesseract\x64\debug\neuron.obj
c:\users\hoang ngoc hung\documents\vs2015_tesseract\libtesseract\x64\debug\bbgrid.obj
c:\users\hoang ngoc hung\documents\vs2015_tesseract\libtesseract\x64\debug\ccnontextdetect.obj
c:\users\hoang ngoc hung\documents\vs2015_tesseract\libtesseract\x64\debug\colpartitionset.obj
c:\users\hoang ngoc hung\documents\vs2015_tesseract\libtesseract\x64\debug\edgloop.obj
c:\users\hoang ngoc hung\documents\vs2015_tesseract\libtesseract\x64\debug\gap_map.obj
c:\users\hoang ngoc hung\documents\vs2015_tesseract\libtesseract\x64\debug\oldbasel.obj
c:\users\hoang ngoc hung\documents\vs2015_tesseract\libtesseract\x64\debug\sortflts.obj
c:\users\hoang ngoc hung\documents\vs2015_tesseract\libtesseract\x64\debug\tablefind.obj
c:\users\hoang ngoc hung\documents\vs2015_tesseract\libtesseract\x64\debug\textord.obj
c:\users\hoang ngoc hung\documents\vs2015_tesseract\libtesseract\x64\debug\underlin.obj
c:\users\hoang ngoc hung\documents\vs2015_tesseract\libtesseract\x64\debug\svmnode.obj
c:\users\hoang ngoc hung\documents\vs2015_tesseract\libtesseract\x64\debug\strcasestr.obj
c:\users\hoang ngoc hung\documents\vs2015_tesseract\libtesseract\x64\debug\strtok_r.obj
c:\users\hoang ngoc hung\documents\vs2015_tesseract\libtesseract\x64\debug\associate.obj
c:\users\hoang ngoc hung\documents\vs2015_tesseract\libtesseract\x64\debug\findseam.obj
c:\users\hoang ngoc hung\documents\vs2015_tesseract\libtesseract\x64\debug\lm_pain_points.obj
c:\users\hoang ngoc hung\documents\vs2015_tesseract\libtesseract\x64\debug\plotedges.obj
c:\users\hoang ngoc hung\documents\vs2015_tesseract\libtesseract\x64\debug\tface.obj
c:\users\hoang ngoc hung\documents\vs2015_tesseract\libtesseract\x64\debug\capi.obj
c:\users\hoang ngoc hung\documents\vs2015_tesseract\libtesseract\x64\debug\applybox.obj
c:\users\hoang ngoc hung\documents\vs2015_tesseract\libtesseract\x64\debug\cube_control.obj
c:\users\hoang ngoc hung\documents\vs2015_tesseract\libtesseract\x64\debug\ltrresultiterator.obj
c:\users\hoang ngoc hung\documents\vs2015_tesseract\libtesseract\x64\debug\pagesegmain.obj
c:\users\hoang ngoc hung\documents\vs2015_tesseract\libtesseract\x64\debug\par_control.obj
c:\users\hoang ngoc hung\documents\vs2015_tesseract\libtesseract\x64\debug\reject.obj
c:\users\hoang ngoc hung\documents\vs2015_tesseract\libtesseract\x64\debug\tessedit.obj
c:\users\hoang ngoc hung\documents\vs2015_tesseract\libtesseract\x64\debug\thresholder.obj
c:\users\hoang ngoc hung\documents\vs2015_tesseract\libtesseract\x64\debug\blobbox.obj
c:\users\hoang ngoc hung\documents\vs2015_tesseract\libtesseract\x64\debug\boxread.obj
c:\users\hoang ngoc hung\documents\vs2015_tesseract\libtesseract\x64\debug\detlinefit.obj
c:\users\hoang ngoc hung\documents\vs2015_tesseract\libtesseract\x64\debug\genblob.obj
c:\users\hoang ngoc hung\documents\vs2015_tesseract\libtesseract\x64\debug\mod128.obj
c:\users\hoang ngoc hung\documents\vs2015_tesseract\libtesseract\x64\debug\ocrrow.obj
c:\users\hoang ngoc hung\documents\vs2015_tesseract\libtesseract\x64\debug\pdblock.obj
c:\users\hoang ngoc hung\documents\vs2015_tesseract\libtesseract\x64\debug\publictypes.obj
c:\users\hoang ngoc hung\documents\vs2015_tesseract\libtesseract\x64\debug\quspline.obj
c:\users\hoang ngoc hung\documents\vs2015_tesseract\libtesseract\x64\debug\seam.obj
c:\users\hoang ngoc hung\documents\vs2015_tesseract\libtesseract\x64\debug\vecfuncs.obj
c:\users\hoang ngoc hung\documents\vs2015_tesseract\libtesseract\x64\debug\bits16.obj
c:\users\hoang ngoc hung\documents\vs2015_tesseract\libtesseract\x64\debug\elst.obj
c:\users\hoang ngoc hung\documents\vs2015_tesseract\libtesseract\x64\debug\indexmapbidi.obj
c:\users\hoang ngoc hung\documents\vs2015_tesseract\libtesseract\x64\debug\scanutils.obj
c:\users\hoang ngoc hung\documents\vs2015_tesseract\libtesseract\x64\debug\tprintf.obj
c:\users\hoang ngoc hung\documents\vs2015_tesseract\libtesseract\x64\debug\unicodes.obj
c:\users\hoang ngoc hung\documents\vs2015_tesseract\libtesseract\x64\debug\blobclass.obj
c:\users\hoang ngoc hung\documents\vs2015_tesseract\libtesseract\x64\debug\cutoffs.obj
c:\users\hoang ngoc hung\documents\vs2015_tesseract\libtesseract\x64\debug\fpoint.obj
c:\users\hoang ngoc hung\documents\vs2015_tesseract\libtesseract\x64\debug\intfeaturespace.obj
c:\users\hoang ngoc hung\documents\vs2015_tesseract\libtesseract\x64\debug\kdtree.obj
c:\users\hoang ngoc hung\documents\vs2015_tesseract\libtesseract\x64\debug\mfoutline.obj
c:\users\hoang ngoc hung\documents\vs2015_tesseract\libtesseract\x64\debug\ocrfeatures.obj
c:\users\hoang ngoc hung\documents\vs2015_tesseract\libtesseract\x64\debug\protos.obj
c:\users\hoang ngoc hung\documents\vs2015_tesseract\libtesseract\x64\debug\trainingsample.obj
c:\users\hoang ngoc hung\documents\vs2015_tesseract\libtesseract\x64\debug\beam_search.obj
c:\users\hoang ngoc hung\documents\vs2015_tesseract\libtesseract\x64\debug\char_samp_enum.obj
c:\users\hoang ngoc hung\documents\vs2015_tesseract\libtesseract\x64\debug\conv_net_classifier.obj
c:\users\hoang ngoc hung\documents\vs2015_tesseract\libtesseract\x64\debug\cube_search_object.obj
c:\users\hoang ngoc hung\documents\vs2015_tesseract\libtesseract\x64\debug\feature_chebyshev.obj
c:\users\hoang ngoc hung\documents\vs2015_tesseract\libtesseract\x64\debug\search_node.obj
c:\users\hoang ngoc hung\documents\vs2015_tesseract\libtesseract\x64\debug\word_list_lang_model.obj
c:\users\hoang ngoc hung\documents\vs2015_tesseract\libtesseract\x64\debug\callcpp.obj
c:\users\hoang ngoc hung\documents\vs2015_tesseract\libtesseract\x64\debug\cutil_class.obj
c:\users\hoang ngoc hung\documents\vs2015_tesseract\libtesseract\x64\debug\oldlist.obj
c:\users\hoang ngoc hung\documents\vs2015_tesseract\libtesseract\x64\debug\dawg_cache.obj
c:\users\hoang ngoc hung\documents\vs2015_tesseract\libtesseract\x64\debug\permdawg.obj
c:\users\hoang ngoc hung\documents\vs2015_tesseract\libtesseract\x64\debug\neural_net.obj
c:\users\hoang ngoc hung\documents\vs2015_tesseract\libtesseract\x64\debug\baselinedetect.obj
c:\users\hoang ngoc hung\documents\vs2015_tesseract\libtesseract\x64\debug\cjkpitch.obj
c:\users\hoang ngoc hung\documents\vs2015_tesseract\libtesseract\x64\debug\colpartition.obj
c:\users\hoang ngoc hung\documents\vs2015_tesseract\libtesseract\x64\debug\drawedg.obj
c:\users\hoang ngoc hung\documents\vs2015_tesseract\libtesseract\x64\debug\drawtord.obj
c:\users\hoang ngoc hung\documents\vs2015_tesseract\libtesseract\x64\debug\fpchop.obj
c:\users\hoang ngoc hung\documents\vs2015_tesseract\libtesseract\x64\debug\makerow.obj
c:\users\hoang ngoc hung\documents\vs2015_tesseract\libtesseract\x64\debug\scanedg.obj
c:\users\hoang ngoc hung\documents\vs2015_tesseract\libtesseract\x64\debug\tablerecog.obj
c:\users\hoang ngoc hung\documents\vs2015_tesseract\libtesseract\x64\debug\topitch.obj
c:\users\hoang ngoc hung\documents\vs2015_tesseract\libtesseract\x64\debug\tovars.obj
c:\users\hoang ngoc hung\documents\vs2015_tesseract\libtesseract\x64\debug\wordseg.obj
c:\users\hoang ngoc hung\documents\vs2015_tesseract\libtesseract\x64\debug\svpaint.obj
c:\users\hoang ngoc hung\documents\vs2015_tesseract\libtesseract\x64\debug\svutil.obj
c:\users\hoang ngoc hung\documents\vs2015_tesseract\libtesseract\x64\debug\drawfx.obj
c:\users\hoang ngoc hung\documents\vs2015_tesseract\libtesseract\x64\debug\gradechop.obj
c:\users\hoang ngoc hung\documents\vs2015_tesseract\libtesseract\x64\debug\lm_state.obj
c:\users\hoang ngoc hung\documents\vs2015_tesseract\libtesseract\x64\debug\pieces.obj
c:\users\hoang ngoc hung\documents\vs2015_tesseract\libtesseract\x64\debug\wordrec.obj
c:\users\hoang ngoc hung\documents\vs2015_tesseract\libtesseract\x64\debug\baseapi.obj
c:\users\hoang ngoc hung\documents\vs2015_tesseract\libtesseract\x64\debug\docqual.obj
c:\users\hoang ngoc hung\documents\vs2015_tesseract\libtesseract\x64\debug\equationdetect.obj
c:\users\hoang ngoc hung\documents\vs2015_tesseract\libtesseract\x64\debug\osdetect.obj
c:\users\hoang ngoc hung\documents\vs2015_tesseract\libtesseract\x64\debug\pagewalk.obj
c:\users\hoang ngoc hung\documents\vs2015_tesseract\libtesseract\x64\debug\recogtraining.obj
c:\users\hoang ngoc hung\documents\vs2015_tesseract\libtesseract\x64\debug\tessbox.obj
c:\users\hoang ngoc hung\documents\vs2015_tesseract\libtesseract\x64\debug\tessvars.obj
c:\users\hoang ngoc hung\documents\vs2015_tesseract\libtesseract\x64\debug\tfacepp.obj
c:\users\hoang ngoc hung\documents\vs2015_tesseract\libtesseract\x64\debug\blobs.obj
c:\users\hoang ngoc hung\documents\vs2015_tesseract\libtesseract\x64\debug\ccstruct.obj
c:\users\hoang ngoc hung\documents\vs2015_tesseract\libtesseract\x64\debug\fontinfo.obj
c:\users\hoang ngoc hung\documents\vs2015_tesseract\libtesseract\x64\debug\matrix.obj
c:\users\hoang ngoc hung\documents\vs2015_tesseract\libtesseract\x64\debug\ocrpara.obj
c:\users\hoang ngoc hung\documents\vs2015_tesseract\libtesseract\x64\debug\params_training_featdef.obj
c:\users\hoang ngoc hung\documents\vs2015_tesseract\libtesseract\x64\debug\polyaprx.obj
c:\users\hoang ngoc hung\documents\vs2015_tesseract\libtesseract\x64\debug\ratngs.obj
c:\users\hoang ngoc hung\documents\vs2015_tesseract\libtesseract\x64\debug\statistc.obj
c:\users\hoang ngoc hung\documents\vs2015_tesseract\libtesseract\x64\debug\werd.obj
c:\users\hoang ngoc hung\documents\vs2015_tesseract\libtesseract\x64\debug\ccutil.obj
c:\users\hoang ngoc hung\documents\vs2015_tesseract\libtesseract\x64\debug\errcode.obj
c:\users\hoang ngoc hung\documents\vs2015_tesseract\libtesseract\x64\debug\memry.obj
c:\users\hoang ngoc hung\documents\vs2015_tesseract\libtesseract\x64\debug\strngs.obj
c:\users\hoang ngoc hung\documents\vs2015_tesseract\libtesseract\x64\debug\unicharmap.obj
c:\users\hoang ngoc hung\documents\vs2015_tesseract\libtesseract\x64\debug\universalambigs.obj
c:\users\hoang ngoc hung\documents\vs2015_tesseract\libtesseract\x64\debug\adaptmatch.obj
c:\users\hoang ngoc hung\documents\vs2015_tesseract\libtesseract\x64\debug\clusttool.obj
c:\users\hoang ngoc hung\documents\vs2015_tesseract\libtesseract\x64\debug\float2int.obj
c:\users\hoang ngoc hung\documents\vs2015_tesseract\libtesseract\x64\debug\intfx.obj
c:\users\hoang ngoc hung\documents\vs2015_tesseract\libtesseract\x64\debug\mastertrainer.obj
c:\users\hoang ngoc hung\documents\vs2015_tesseract\libtesseract\x64\debug\normmatch.obj
c:\users\hoang ngoc hung\documents\vs2015_tesseract\libtesseract\x64\debug\sampleiterator.obj
c:\users\hoang ngoc hung\documents\vs2015_tesseract\libtesseract\x64\debug\tessclassifier.obj
c:\users\hoang ngoc hung\documents\vs2015_tesseract\libtesseract\x64\debug\bmp_8.obj
c:\users\hoang ngoc hung\documents\vs2015_tesseract\libtesseract\x64\debug\char_altlist.obj
c:\users\hoang ngoc hung\documents\vs2015_tesseract\libtesseract\x64\debug\char_samp_set.obj
c:\users\hoang ngoc hung\documents\vs2015_tesseract\libtesseract\x64\debug\con_comp.obj
c:\users\hoang ngoc hung\documents\vs2015_tesseract\libtesseract\x64\debug\cube_line_object.obj
c:\users\hoang ngoc hung\documents\vs2015_tesseract\libtesseract\x64\debug\cube_tuning_params.obj
c:\users\hoang ngoc hung\documents\vs2015_tesseract\libtesseract\x64\debug\feature_hybrid.obj
c:\users\hoang ngoc hung\documents\vs2015_tesseract\libtesseract\x64\debug\tess_lang_model.obj
c:\users\hoang ngoc hung\documents\vs2015_tesseract\libtesseract\x64\debug\word_unigrams.obj
c:\users\hoang ngoc hung\documents\vs2015_tesseract\libtesseract\x64\debug\danerror.obj
c:\users\hoang ngoc hung\documents\vs2015_tesseract\libtesseract\x64\debug\structures.obj
c:\users\hoang ngoc hung\documents\vs2015_tesseract\libtesseract\x64\debug\dict.obj
c:\users\hoang ngoc hung\documents\vs2015_tesseract\libtesseract\x64\debug\trie.obj
c:\users\hoang ngoc hung\documents\vs2015_tesseract\libtesseract\x64\debug\sigmoid_table.obj
c:\users\hoang ngoc hung\documents\vs2015_tesseract\libtesseract\x64\debug\alignedblob.obj
c:\users\hoang ngoc hung\documents\vs2015_tesseract\libtesseract\x64\debug\blobgrid.obj
c:\users\hoang ngoc hung\documents\vs2015_tesseract\libtesseract\x64\debug\colpartitiongrid.obj
c:\users\hoang ngoc hung\documents\vs2015_tesseract\libtesseract\x64\debug\edgblob.obj
c:\users\hoang ngoc hung\documents\vs2015_tesseract\libtesseract\x64\debug\imagefind.obj
c:\users\hoang ngoc hung\documents\vs2015_tesseract\libtesseract\x64\debug\pithsync.obj
c:\users\hoang ngoc hung\documents\vs2015_tesseract\libtesseract\x64\debug\strokewidth.obj
c:\users\hoang ngoc hung\documents\vs2015_tesseract\libtesseract\x64\debug\textlineprojection.obj
c:\users\hoang ngoc hung\documents\vs2015_tesseract\libtesseract\x64\debug\tordmain.obj
c:\users\hoang ngoc hung\documents\vs2015_tesseract\libtesseract\x64\debug\scrollview.obj
c:\users\hoang ngoc hung\documents\vs2015_tesseract\libtesseract\x64\debug\chop.obj
c:\users\hoang ngoc hung\documents\vs2015_tesseract\libtesseract\x64\debug\language_model.obj
c:\users\hoang ngoc hung\documents\vs2015_tesseract\libtesseract\x64\debug\params_model.obj
c:\users\hoang ngoc hung\documents\vs2015_tesseract\libtesseract\x64\debug\render.obj
c:\users\hoang ngoc hung\documents\vs2015_tesseract\libtesseract\x64\debug\wordclass.obj
c:\users\hoang ngoc hung\documents\vs2015_tesseract\libtesseract\x64\debug\pdfrenderer.obj
c:\users\hoang ngoc hung\documents\vs2015_tesseract\libtesseract\x64\debug\control.obj
c:\users\hoang ngoc hung\documents\vs2015_tesseract\libtesseract\x64\debug\cube_reco_context.obj
c:\users\hoang ngoc hung\documents\vs2015_tesseract\libtesseract\x64\debug\fixxht.obj
c:\users\hoang ngoc hung\documents\vs2015_tesseract\libtesseract\x64\debug\output.obj
c:\users\hoang ngoc hung\documents\vs2015_tesseract\libtesseract\x64\debug\paragraphs.obj
c:\users\hoang ngoc hung\documents\vs2015_tesseract\libtesseract\x64\debug\resultiterator.obj
c:\users\hoang ngoc hung\documents\vs2015_tesseract\libtesseract\x64\debug\tesseractclass.obj
c:\users\hoang ngoc hung\documents\vs2015_tesseract\libtesseract\x64\debug\werdit.obj
c:\users\hoang ngoc hung\documents\vs2015_tesseract\libtesseract\x64\debug\blread.obj
c:\users\hoang ngoc hung\documents\vs2015_tesseract\libtesseract\x64\debug\coutln.obj
c:\users\hoang ngoc hung\documents\vs2015_tesseract\libtesseract\x64\debug\imagedata.obj
c:\users\hoang ngoc hung\documents\vs2015_tesseract\libtesseract\x64\debug\normalis.obj
c:\users\hoang ngoc hung\documents\vs2015_tesseract\libtesseract\x64\debug\pageres.obj
c:\users\hoang ngoc hung\documents\vs2015_tesseract\libtesseract\x64\debug\polyblk.obj
c:\users\hoang ngoc hung\documents\vs2015_tesseract\libtesseract\x64\debug\rect.obj
c:\users\hoang ngoc hung\documents\vs2015_tesseract\libtesseract\x64\debug\split.obj
c:\users\hoang ngoc hung\documents\vs2015_tesseract\libtesseract\x64\debug\ambigs.obj
c:\users\hoang ngoc hung\documents\vs2015_tesseract\libtesseract\x64\debug\bitvector.obj
c:\users\hoang ngoc hung\documents\vs2015_tesseract\libtesseract\x64\debug\elst2.obj
c:\users\hoang ngoc hung\documents\vs2015_tesseract\libtesseract\x64\debug\mainblk.obj
c:\users\hoang ngoc hung\documents\vs2015_tesseract\libtesseract\x64\debug\serialis.obj
c:\users\hoang ngoc hung\documents\vs2015_tesseract\libtesseract\x64\debug\unichar.obj
c:\users\hoang ngoc hung\documents\vs2015_tesseract\libtesseract\x64\debug\adaptive.obj
c:\users\hoang ngoc hung\documents\vs2015_tesseract\libtesseract\x64\debug\cluster.obj
c:\users\hoang ngoc hung\documents\vs2015_tesseract\libtesseract\x64\debug\featdefs.obj
c:\users\hoang ngoc hung\documents\vs2015_tesseract\libtesseract\x64\debug\intfeaturemap.obj
c:\users\hoang ngoc hung\documents\vs2015_tesseract\libtesseract\x64\debug\intproto.obj
c:\users\hoang ngoc hung\documents\vs2015_tesseract\libtesseract\x64\debug\mfdefs.obj
c:\users\hoang ngoc hung\documents\vs2015_tesseract\libtesseract\x64\debug\normfeat.obj
c:\users\hoang ngoc hung\documents\vs2015_tesseract\libtesseract\x64\debug\picofeat.obj
c:\users\hoang ngoc hung\documents\vs2015_tesseract\libtesseract\x64\debug\shapetable.obj
c:\users\hoang ngoc hung\documents\vs2015_tesseract\libtesseract\x64\debug\altlist.obj
c:\users\hoang ngoc hung\documents\vs2015_tesseract\libtesseract\x64\debug\char_bigrams.obj
c:\users\hoang ngoc hung\documents\vs2015_tesseract\libtesseract\x64\debug\char_set.obj
c:\users\hoang ngoc hung\documents\vs2015_tesseract\libtesseract\x64\debug\cube_line_segmenter.obj
c:\users\hoang ngoc hung\documents\vs2015_tesseract\libtesseract\x64\debug\cube_utils.obj
c:\users\hoang ngoc hung\documents\vs2015_tesseract\libtesseract\x64\debug\hybrid_neural_net_classifier.obj
c:\users\hoang ngoc hung\documents\vs2015_tesseract\libtesseract\x64\debug\tess_lang_mod_edge.obj
c:\users\hoang ngoc hung\documents\vs2015_tesseract\libtesseract\x64\debug\bitvec.obj
c:\users\hoang ngoc hung\documents\vs2015_tesseract\libtesseract\x64\debug\cutil.obj
c:\users\hoang ngoc hung\documents\vs2015_tesseract\libtesseract\x64\debug\emalloc.obj
c:\users\hoang ngoc hung\documents\vs2015_tesseract\libtesseract\x64\debug\context.obj
c:\users\hoang ngoc hung\documents\vs2015_tesseract\libtesseract\x64\debug\hyphen.obj
c:\users\hoang ngoc hung\documents\vs2015_tesseract\libtesseract\x64\debug\input_file_buffer.obj
c:\users\hoang ngoc hung\documents\vs2015_tesseract\libtesseract\x64\debug\openclwrapper.obj
c:\users\hoang ngoc hung\documents\vs2015_tesseract\libtesseract\x64\debug\blkocc.obj
c:\users\hoang ngoc hung\documents\vs2015_tesseract\libtesseract\x64\debug\colfind.obj
c:\users\hoang ngoc hung\documents\vs2015_tesseract\libtesseract\x64\debug\devanagari_processing.obj
c:\users\hoang ngoc hung\documents\vs2015_tesseract\libtesseract\x64\debug\equationdetectbase.obj
c:\users\hoang ngoc hung\documents\vs2015_tesseract\libtesseract\x64\debug\linefind.obj
c:\users\hoang ngoc hung\documents\vs2015_tesseract\libtesseract\x64\debug\pitsync1.obj
c:\users\hoang ngoc hung\documents\vs2015_tesseract\libtesseract\x64\debug\tabfind.obj
c:\users\hoang ngoc hung\documents\vs2015_tesseract\libtesseract\x64\debug\tabvector.obj
c:\users\hoang ngoc hung\documents\vs2015_tesseract\libtesseract\x64\debug\tospace.obj
c:\users\hoang ngoc hung\documents\vs2015_tesseract\libtesseract\x64\debug\workingpartset.obj
c:\users\hoang ngoc hung\documents\vs2015_tesseract\libtesseract\x64\debug\gettimeofday.obj
c:\users\hoang ngoc hung\documents\vs2015_tesseract\libtesseract\x64\debug\chopper.obj
c:\users\hoang ngoc hung\documents\vs2015_tesseract\libtesseract\x64\debug\lm_consistency.obj
c:\users\hoang ngoc hung\documents\vs2015_tesseract\libtesseract\x64\debug\outlines.obj
c:\users\hoang ngoc hung\documents\vs2015_tesseract\libtesseract\x64\debug\segsearch.obj
c:\users\hoang ngoc hung\documents\vs2015_tesseract\libtesseract\x64\debug\vc140.pdb
c:\users\hoang ngoc hung\documents\vs2015_tesseract\x64\debug\libtesseract.lib
c:\users\hoang ngoc hung\documents\vs2015_tesseract\x64\debug\libtesseract.exp
c:\users\hoang ngoc hung\documents\vs2015_tesseract\x64\debug\libtesseract.ilk
c:\users\hoang ngoc hung\documents\vs2015_tesseract\x64\debug\libtesseract.dll
c:\users\hoang ngoc hung\documents\vs2015_tesseract\x64\debug\libtesseract.pdb
c:\users\hoang ngoc hung\documents\vs2015_tesseract\libtesseract\x64\debug\vc140.idb
c:\users\hoang ngoc hung\documents\vs2015_tesseract\libtesseract\x64\debug\libtesseract.tlog\cl.10668.write.1.tlog
c:\users\hoang ngoc hung\documents\vs2015_tesseract\libtesseract\x64\debug\libtesseract.tlog\cl.command.1.tlog
c:\users\hoang ngoc hung\documents\vs2015_tesseract\libtesseract\x64\debug\libtesseract.tlog\cl.read.1.tlog
c:\users\hoang ngoc hung\documents\vs2015_tesseract\libtesseract\x64\debug\libtesseract.tlog\libtesseract.write.1u.tlog
c:\users\hoang ngoc hung\documents\vs2015_tesseract\libtesseract\x64\debug\libtesseract.tlog\link.command.1.tlog
c:\users\hoang ngoc hung\documents\vs2015_tesseract\libtesseract\x64\debug\libtesseract.tlog\link.read.1.tlog
c:\users\hoang ngoc hung\documents\vs2015_tesseract\libtesseract\x64\debug\libtesseract.tlog\link.write.1.tlog
